# JRE version: OpenJDK Runtime Environment AdoptOpenJDK (15.0.2+7) (build 15.0.2+7)
# Java VM: OpenJDK 64-Bit Server VM AdoptOpenJDK (15.0.2+7, mixed mode, sharing, tiered, compressed oops, parallel gc, windows-amd64)
GC Precious Log:
 CPUs: 6 total, 6 available
 Memory: 16319M
 Large Page Support: Disabled
 NUMA Support: Disabled
 Compressed Oops: Enabled (32-bit)
 Heap Min Capacity: 100M
 Heap Initial Capacity: 100M
 Heap Max Capacity: 1G
 Pre-touch: Disabled
 Parallel Workers: 6
Heap:
 PSYoungGen      total 9728K, used 4096K [0x00000000eab00000, 0x00000000eba00000, 0x0000000100000000)
  eden space 4096K, 100% used [0x00000000eab00000,0x00000000eaf00000,0x00000000eaf00000)
  from space 5632K, 0% used [0x00000000eb480000,0x00000000eb480000,0x00000000eba00000)
  to   space 5632K, 34% used [0x00000000eaf00000,0x00000000eb0e0010,0x00000000eb480000)
 ParOldGen       total 168448K, used 145649K [0x00000000c0000000, 0x00000000ca480000, 0x00000000eab00000)
  object space 168448K, 86% used [0x00000000c0000000,0x00000000c8e3c6f0,0x00000000ca480000)
 Metaspace       used 84807K, capacity 87772K, committed 88112K, reserved 1128448K
  class space    used 7957K, capacity 8969K, committed 9088K, reserved 1048576K
GC Heap History (20 events):
Event: 14448.446 GC heap after
{Heap after GC invocations=14569 (full 532):
 PSYoungGen      total 3072K, used 496K [0x00000000eab00000, 0x00000000eb000000, 0x0000000100000000)
  eden space 2560K, 0% used [0x00000000eab00000,0x00000000eab00000,0x00000000ead80000)
  from space 512K, 96% used [0x00000000eaf00000,0x00000000eaf7c010,0x00000000eaf80000)
  to   space 512K, 0% used [0x00000000eaf80000,0x00000000eaf80000,0x00000000eb000000)
 ParOldGen       total 169984K, used 156976K [0x00000000c0000000, 0x00000000ca600000, 0x00000000eab00000)
  object space 169984K, 92% used [0x00000000c0000000,0x00000000c994c0e8,0x00000000ca600000)
 Metaspace       used 84805K, capacity 87772K, committed 88112K, reserved 1128448K
  class space    used 7957K, capacity 8969K, committed 9088K, reserved 1048576K
}
Event: 14448.450 GC heap before
{Heap before GC invocations=14570 (full 532):
 PSYoungGen      total 3072K, used 3056K [0x00000000eab00000, 0x00000000eb000000, 0x0000000100000000)
  eden space 2560K, 100% used [0x00000000eab00000,0x00000000ead80000,0x00000000ead80000)
  from space 512K, 96% used [0x00000000eaf00000,0x00000000eaf7c010,0x00000000eaf80000)
  to   space 512K, 0% used [0x00000000eaf80000,0x00000000eaf80000,0x00000000eb000000)
 ParOldGen       total 169984K, used 156976K [0x00000000c0000000, 0x00000000ca600000, 0x00000000eab00000)
  object space 169984K, 92% used [0x00000000c0000000,0x00000000c994c0e8,0x00000000ca600000)
 Metaspace       used 84805K, capacity 87772K, committed 88112K, reserved 1128448K
  class space    used 7957K, capacity 8969K, committed 9088K, reserved 1048576K
}
Event: 14448.451 GC heap after
{Heap after GC invocations=14570 (full 532):
 PSYoungGen      total 3072K, used 272K [0x00000000eab00000, 0x00000000eb000000, 0x0000000100000000)
  eden space 2560K, 0% used [0x00000000eab00000,0x00000000eab00000,0x00000000ead80000)
  from space 512K, 53% used [0x00000000eaf80000,0x00000000eafc4010,0x00000000eb000000)
  to   space 512K, 0% used [0x00000000eaf00000,0x00000000eaf00000,0x00000000eaf80000)
 ParOldGen       total 169984K, used 157397K [0x00000000c0000000, 0x00000000ca600000, 0x00000000eab00000)
  object space 169984K, 92% used [0x00000000c0000000,0x00000000c99b5588,0x00000000ca600000)
 Metaspace       used 84805K, capacity 87772K, committed 88112K, reserved 1128448K
  class space    used 7957K, capacity 8969K, committed 9088K, reserved 1048576K
}
Event: 14448.456 GC heap before
{Heap before GC invocations=14571 (full 532):
 PSYoungGen      total 3072K, used 2832K [0x00000000eab00000, 0x00000000eb000000, 0x0000000100000000)
  eden space 2560K, 100% used [0x00000000eab00000,0x00000000ead80000,0x00000000ead80000)
  from space 512K, 53% used [0x00000000eaf80000,0x00000000eafc4010,0x00000000eb000000)
  to   space 512K, 0% used [0x00000000eaf00000,0x00000000eaf00000,0x00000000eaf80000)
 ParOldGen       total 169984K, used 157397K [0x00000000c0000000, 0x00000000ca600000, 0x00000000eab00000)
  object space 169984K, 92% used [0x00000000c0000000,0x00000000c99b5588,0x00000000ca600000)
 Metaspace       used 84805K, capacity 87772K, committed 88112K, reserved 1128448K
  class space    used 7957K, capacity 8969K, committed 9088K, reserved 1048576K
}
Event: 14448.456 GC heap after
{Heap after GC invocations=14571 (full 532):
 PSYoungGen      total 3072K, used 240K [0x00000000eab00000, 0x00000000eb000000, 0x0000000100000000)
  eden space 2560K, 0% used [0x00000000eab00000,0x00000000eab00000,0x00000000ead80000)
  from space 512K, 46% used [0x00000000eaf00000,0x00000000eaf3c010,0x00000000eaf80000)
  to   space 512K, 0% used [0x00000000eaf80000,0x00000000eaf80000,0x00000000eb000000)
 ParOldGen       total 169984K, used 157493K [0x00000000c0000000, 0x00000000ca600000, 0x00000000eab00000)
  object space 169984K, 92% used [0x00000000c0000000,0x00000000c99cd588,0x00000000ca600000)
 Metaspace       used 84805K, capacity 87772K, committed 88112K, reserved 1128448K
  class space    used 7957K, capacity 8969K, committed 9088K, reserved 1048576K
}
Event: 14448.589 GC heap before
{Heap before GC invocations=14572 (full 532):
 PSYoungGen      total 3072K, used 2468K [0x00000000eab00000, 0x00000000eb000000, 0x0000000100000000)
  eden space 2560K, 87% used [0x00000000eab00000,0x00000000ead2d000,0x00000000ead80000)
  from space 512K, 46% used [0x00000000eaf00000,0x00000000eaf3c010,0x00000000eaf80000)
  to   space 512K, 0% used [0x00000000eaf80000,0x00000000eaf80000,0x00000000eb000000)
 ParOldGen       total 169984K, used 157493K [0x00000000c0000000, 0x00000000ca600000, 0x00000000eab00000)
  object space 169984K, 92% used [0x00000000c0000000,0x00000000c99cd588,0x00000000ca600000)
 Metaspace       used 84807K, capacity 87772K, committed 88112K, reserved 1128448K
  class space    used 7957K, capacity 8969K, committed 9088K, reserved 1048576K
}
Event: 14448.590 GC heap after
{Heap after GC invocations=14572 (full 532):
 PSYoungGen      total 3072K, used 192K [0x00000000eab00000, 0x00000000eb000000, 0x0000000100000000)
  eden space 2560K, 0% used [0x00000000eab00000,0x00000000eab00000,0x00000000ead80000)
  from space 512K, 37% used [0x00000000eaf80000,0x00000000eafb0000,0x00000000eb000000)
  to   space 512K, 0% used [0x00000000eaf00000,0x00000000eaf00000,0x00000000eaf80000)
 ParOldGen       total 169984K, used 157867K [0x00000000c0000000, 0x00000000ca600000, 0x00000000eab00000)
  object space 169984K, 92% used [0x00000000c0000000,0x00000000c9a2adc0,0x00000000ca600000)
 Metaspace       used 84807K, capacity 87772K, committed 88112K, reserved 1128448K
  class space    used 7957K, capacity 8969K, committed 9088K, reserved 1048576K
}
Event: 14448.594 GC heap before
{Heap before GC invocations=14573 (full 532):
 PSYoungGen      total 3072K, used 2752K [0x00000000eab00000, 0x00000000eb000000, 0x0000000100000000)
  eden space 2560K, 100% used [0x00000000eab00000,0x00000000ead80000,0x00000000ead80000)
  from space 512K, 37% used [0x00000000eaf80000,0x00000000eafb0000,0x00000000eb000000)
  to   space 512K, 0% used [0x00000000eaf00000,0x00000000eaf00000,0x00000000eaf80000)
 ParOldGen       total 169984K, used 157867K [0x00000000c0000000, 0x00000000ca600000, 0x00000000eab00000)
  object space 169984K, 92% used [0x00000000c0000000,0x00000000c9a2adc0,0x00000000ca600000)
 Metaspace       used 84807K, capacity 87772K, committed 88112K, reserved 1128448K
  class space    used 7957K, capacity 8969K, committed 9088K, reserved 1048576K
}
Event: 14448.596 GC heap after
{Heap after GC invocations=14573 (full 532):
 PSYoungGen      total 3072K, used 494K [0x00000000eab00000, 0x00000000eb380000, 0x0000000100000000)
  eden space 2560K, 0% used [0x00000000eab00000,0x00000000eab00000,0x00000000ead80000)
  from space 512K, 96% used [0x00000000eaf00000,0x00000000eaf7b838,0x00000000eaf80000)
  to   space 3072K, 0% used [0x00000000eb080000,0x00000000eb080000,0x00000000eb380000)
 ParOldGen       total 169984K, used 159963K [0x00000000c0000000, 0x00000000ca600000, 0x00000000eab00000)
  object space 169984K, 94% used [0x00000000c0000000,0x00000000c9c36dc0,0x00000000ca600000)
 Metaspace       used 84807K, capacity 87772K, committed 88112K, reserved 1128448K
  class space    used 7957K, capacity 8969K, committed 9088K, reserved 1048576K
}
Event: 14448.600 GC heap before
{Heap before GC invocations=14574 (full 532):
 PSYoungGen      total 3072K, used 3054K [0x00000000eab00000, 0x00000000eb380000, 0x0000000100000000)
  eden space 2560K, 100% used [0x00000000eab00000,0x00000000ead80000,0x00000000ead80000)
  from space 512K, 96% used [0x00000000eaf00000,0x00000000eaf7b838,0x00000000eaf80000)
  to   space 3072K, 0% used [0x00000000eb080000,0x00000000eb080000,0x00000000eb380000)
 ParOldGen       total 169984K, used 159963K [0x00000000c0000000, 0x00000000ca600000, 0x00000000eab00000)
  object space 169984K, 94% used [0x00000000c0000000,0x00000000c9c36dc0,0x00000000ca600000)
 Metaspace       used 84807K, capacity 87772K, committed 88112K, reserved 1128448K
  class space    used 7957K, capacity 8969K, committed 9088K, reserved 1048576K
}
Event: 14448.604 GC heap after
{Heap after GC invocations=14574 (full 532):
 PSYoungGen      total 5632K, used 2592K [0x00000000eab00000, 0x00000000eb400000, 0x0000000100000000)
  eden space 2560K, 0% used [0x00000000eab00000,0x00000000eab00000,0x00000000ead80000)
  from space 3072K, 84% used [0x00000000eb080000,0x00000000eb308000,0x00000000eb380000)
  to   space 3072K, 0% used [0x00000000ead80000,0x00000000ead80000,0x00000000eb080000)
 ParOldGen       total 169984K, used 160497K [0x00000000c0000000, 0x00000000ca600000, 0x00000000eab00000)
  object space 169984K, 94% used [0x00000000c0000000,0x00000000c9cbc5f8,0x00000000ca600000)
 Metaspace       used 84807K, capacity 87772K, committed 88112K, reserved 1128448K
  class space    used 7957K, capacity 8969K, committed 9088K, reserved 1048576K
}
Event: 14448.608 GC heap before
{Heap before GC invocations=14575 (full 532):
 PSYoungGen      total 5632K, used 5148K [0x00000000eab00000, 0x00000000eb400000, 0x0000000100000000)
  eden space 2560K, 99% used [0x00000000eab00000,0x00000000ead7f190,0x00000000ead80000)
  from space 3072K, 84% used [0x00000000eb080000,0x00000000eb308000,0x00000000eb380000)
  to   space 3072K, 0% used [0x00000000ead80000,0x00000000ead80000,0x00000000eb080000)
 ParOldGen       total 169984K, used 160497K [0x00000000c0000000, 0x00000000ca600000, 0x00000000eab00000)
  object space 169984K, 94% used [0x00000000c0000000,0x00000000c9cbc5f8,0x00000000ca600000)
 Metaspace       used 84807K, capacity 87772K, committed 88112K, reserved 1128448K
  class space    used 7957K, capacity 8969K, committed 9088K, reserved 1048576K
}
Event: 14448.613 GC heap after
{Heap after GC invocations=14575 (full 532):
 PSYoungGen      total 5632K, used 2592K [0x00000000eab00000, 0x00000000eb400000, 0x0000000100000000)
  eden space 2560K, 0% used [0x00000000eab00000,0x00000000eab00000,0x00000000ead80000)
  from space 3072K, 84% used [0x00000000ead80000,0x00000000eb008000,0x00000000eb080000)
  to   space 3072K, 0% used [0x00000000eb100000,0x00000000eb100000,0x00000000eb400000)
 ParOldGen       total 169984K, used 163049K [0x00000000c0000000, 0x00000000ca600000, 0x00000000eab00000)
  object space 169984K, 95% used [0x00000000c0000000,0x00000000c9f3a5f8,0x00000000ca600000)
 Metaspace       used 84807K, capacity 87772K, committed 88112K, reserved 1128448K
  class space    used 7957K, capacity 8969K, committed 9088K, reserved 1048576K
}
Event: 14448.622 GC heap before
{Heap before GC invocations=14576 (full 532):
 PSYoungGen      total 5632K, used 5152K [0x00000000eab00000, 0x00000000eb400000, 0x0000000100000000)
  eden space 2560K, 100% used [0x00000000eab00000,0x00000000ead80000,0x00000000ead80000)
  from space 3072K, 84% used [0x00000000ead80000,0x00000000eb008000,0x00000000eb080000)
  to   space 3072K, 0% used [0x00000000eb100000,0x00000000eb100000,0x00000000eb400000)
 ParOldGen       total 169984K, used 163049K [0x00000000c0000000, 0x00000000ca600000, 0x00000000eab00000)
  object space 169984K, 95% used [0x00000000c0000000,0x00000000c9f3a5f8,0x00000000ca600000)
 Metaspace       used 84807K, capacity 87772K, committed 88112K, reserved 1128448K
  class space    used 7957K, capacity 8969K, committed 9088K, reserved 1048576K
}
Event: 14448.626 GC heap after
{Heap after GC invocations=14576 (full 532):
 PSYoungGen      total 5120K, used 1896K [0x00000000eab00000, 0x00000000eb300000, 0x0000000100000000)
  eden space 3072K, 0% used [0x00000000eab00000,0x00000000eab00000,0x00000000eae00000)
  from space 2048K, 92% used [0x00000000eb100000,0x00000000eb2da000,0x00000000eb300000)
  to   space 2560K, 0% used [0x00000000eae00000,0x00000000eae00000,0x00000000eb080000)
 ParOldGen       total 169984K, used 165521K [0x00000000c0000000, 0x00000000ca600000, 0x00000000eab00000)
  object space 169984K, 97% used [0x00000000c0000000,0x00000000ca1a45f8,0x00000000ca600000)
 Metaspace       used 84807K, capacity 87772K, committed 88112K, reserved 1128448K
  class space    used 7957K, capacity 8969K, committed 9088K, reserved 1048576K
}
Event: 14448.649 GC heap before
{Heap before GC invocations=14577 (full 532):
 PSYoungGen      total 5120K, used 4968K [0x00000000eab00000, 0x00000000eb300000, 0x0000000100000000)
  eden space 3072K, 100% used [0x00000000eab00000,0x00000000eae00000,0x00000000eae00000)
  from space 2048K, 92% used [0x00000000eb100000,0x00000000eb2da000,0x00000000eb300000)
  to   space 2560K, 0% used [0x00000000eae00000,0x00000000eae00000,0x00000000eb080000)
 ParOldGen       total 169984K, used 165521K [0x00000000c0000000, 0x00000000ca600000, 0x00000000eab00000)
  object space 169984K, 97% used [0x00000000c0000000,0x00000000ca1a45f8,0x00000000ca600000)
 Metaspace       used 84807K, capacity 87772K, committed 88112K, reserved 1128448K
  class space    used 7957K, capacity 8969K, committed 9088K, reserved 1048576K
}
Event: 14448.652 GC heap after
{Heap after GC invocations=14577 (full 532):
 PSYoungGen      total 5632K, used 2554K [0x00000000eab00000, 0x00000000eba00000, 0x0000000100000000)
  eden space 3072K, 0% used [0x00000000eab00000,0x00000000eab00000,0x00000000eae00000)
  from space 2560K, 99% used [0x00000000eae00000,0x00000000eb07eb20,0x00000000eb080000)
  to   space 5632K, 0% used [0x00000000eb480000,0x00000000eb480000,0x00000000eba00000)
 ParOldGen       total 169984K, used 167833K [0x00000000c0000000, 0x00000000ca600000, 0x00000000eab00000)
  object space 169984K, 98% used [0x00000000c0000000,0x00000000ca3e65f8,0x00000000ca600000)
 Metaspace       used 84807K, capacity 87772K, committed 88112K, reserved 1128448K
  class space    used 7957K, capacity 8969K, committed 9088K, reserved 1048576K
}
Event: 14448.652 GC heap before
{Heap before GC invocations=14578 (full 533):
 PSYoungGen      total 5632K, used 2554K [0x00000000eab00000, 0x00000000eba00000, 0x0000000100000000)
  eden space 3072K, 0% used [0x00000000eab00000,0x00000000eab00000,0x00000000eae00000)
  from space 2560K, 99% used [0x00000000eae00000,0x00000000eb07eb20,0x00000000eb080000)
  to   space 5632K, 0% used [0x00000000eb480000,0x00000000eb480000,0x00000000eba00000)
 ParOldGen       total 169984K, used 167833K [0x00000000c0000000, 0x00000000ca600000, 0x00000000eab00000)
  object space 169984K, 98% used [0x00000000c0000000,0x00000000ca3e65f8,0x00000000ca600000)
 Metaspace       used 84807K, capacity 87772K, committed 88112K, reserved 1128448K
  class space    used 7957K, capacity 8969K, committed 9088K, reserved 1048576K
}
Event: 14448.718 GC heap after
{Heap after GC invocations=14578 (full 533):
 PSYoungGen      total 9728K, used 0K [0x00000000eab00000, 0x00000000eba00000, 0x0000000100000000)
  eden space 4096K, 0% used [0x00000000eab00000,0x00000000eab00000,0x00000000eaf00000)
  from space 5632K, 0% used [0x00000000eb480000,0x00000000eb480000,0x00000000eba00000)
  to   space 5632K, 0% used [0x00000000eaf00000,0x00000000eaf00000,0x00000000eb480000)
 ParOldGen       total 168448K, used 145649K [0x00000000c0000000, 0x00000000ca480000, 0x00000000eab00000)
  object space 168448K, 86% used [0x00000000c0000000,0x00000000c8e3c6f0,0x00000000ca480000)
 Metaspace       used 84807K, capacity 87772K, committed 88112K, reserved 1128448K
  class space    used 7957K, capacity 8969K, committed 9088K, reserved 1048576K
}
Event: 14448.723 GC heap before
{Heap before GC invocations=14579 (full 533):
 PSYoungGen      total 9728K, used 4096K [0x00000000eab00000, 0x00000000eba00000, 0x0000000100000000)
  eden space 4096K, 100% used [0x00000000eab00000,0x00000000eaf00000,0x00000000eaf00000)
  from space 5632K, 0% used [0x00000000eb480000,0x00000000eb480000,0x00000000eba00000)
  to   space 5632K, 0% used [0x00000000eaf00000,0x00000000eaf00000,0x00000000eb480000)
 ParOldGen       total 168448K, used 145649K [0x00000000c0000000, 0x00000000ca480000, 0x00000000eab00000)
  object space 168448K, 86% used [0x00000000c0000000,0x00000000c8e3c6f0,0x00000000ca480000)
 Metaspace       used 84807K, capacity 87772K, committed 88112K, reserved 1128448K
  class space    used 7957K, capacity 8969K, committed 9088K, reserved 1048576K
}

